c:\users\kga\desktop\jungyu\sfml-pong_group\sfml-pong\sfml-pong\x64\debug\vc143.pdb
c:\users\kga\desktop\jungyu\sfml-pong_group\sfml-pong\sfml-pong\x64\debug\vc143.idb
c:\users\kga\desktop\jungyu\sfml-pong_group\sfml-pong\sfml-pong\x64\debug\utils.obj
c:\users\kga\desktop\jungyu\sfml-pong_group\sfml-pong\sfml-pong\x64\debug\scene.obj
c:\users\kga\desktop\jungyu\sfml-pong_group\sfml-pong\sfml-pong\x64\debug\main.obj
c:\users\kga\desktop\jungyu\sfml-pong_group\sfml-pong\sfml-pong\x64\debug\inputmgr.obj
c:\users\kga\desktop\jungyu\sfml-pong_group\sfml-pong\sfml-pong\x64\debug\scenedev1.obj
c:\users\kga\desktop\jungyu\sfml-pong_group\sfml-pong\sfml-pong\x64\debug\scenedev2.obj
c:\users\kga\desktop\jungyu\sfml-pong_group\sfml-pong\sfml-pong\x64\debug\textgo.obj
c:\users\kga\desktop\jungyu\sfml-pong_group\sfml-pong\sfml-pong\x64\debug\spritego.obj
c:\users\kga\desktop\jungyu\sfml-pong_group\sfml-pong\sfml-pong\x64\debug\scenemgr.obj
c:\users\kga\desktop\jungyu\sfml-pong_group\sfml-pong\sfml-pong\x64\debug\gameobject.obj
c:\users\kga\desktop\jungyu\sfml-pong_group\sfml-pong\sfml-pong\x64\debug\framework.obj
c:\users\kga\desktop\jungyu\sfml-pong_group\sfml-pong\sfml-pong\x64\debug\scenegame.obj
c:\users\kga\desktop\jungyu\sfml-pong_group\sfml-pong\sfml-pong\x64\debug\bat.obj
c:\users\kga\desktop\jungyu\sfml-pong_group\sfml-pong\sfml-pong\x64\debug\ball.obj
c:\users\kga\desktop\jungyu\sfml-pong_group\sfml-pong\sfml-pong\x64\debug\sfml-pong-d.pch
c:\users\kga\desktop\jungyu\sfml-pong_group\sfml-pong\sfml-pong\x64\debug\stdafx.obj
c:\users\kga\desktop\jungyu\sfml-pong_group\sfml-pong-bin\sfml-pong-d.exe
c:\users\kga\desktop\jungyu\sfml-pong_group\sfml-pong-bin\sfml-pong-d.pdb
c:\users\kga\desktop\jungyu\sfml-pong_group\sfml-pong\sfml-pong\x64\debug\sfml-pong-d.ilk
c:\users\kga\desktop\jungyu\sfml-pong_group\sfml-pong\sfml-pong\x64\debug\sfml-pong.tlog\cl.command.1.tlog
c:\users\kga\desktop\jungyu\sfml-pong_group\sfml-pong\sfml-pong\x64\debug\sfml-pong.tlog\cl.items.tlog
c:\users\kga\desktop\jungyu\sfml-pong_group\sfml-pong\sfml-pong\x64\debug\sfml-pong.tlog\cl.read.1.tlog
c:\users\kga\desktop\jungyu\sfml-pong_group\sfml-pong\sfml-pong\x64\debug\sfml-pong.tlog\cl.write.1.tlog
c:\users\kga\desktop\jungyu\sfml-pong_group\sfml-pong\sfml-pong\x64\debug\sfml-pong.tlog\link.command.1.tlog
c:\users\kga\desktop\jungyu\sfml-pong_group\sfml-pong\sfml-pong\x64\debug\sfml-pong.tlog\link.read.1.tlog
c:\users\kga\desktop\jungyu\sfml-pong_group\sfml-pong\sfml-pong\x64\debug\sfml-pong.tlog\link.secondary.1.tlog
c:\users\kga\desktop\jungyu\sfml-pong_group\sfml-pong\sfml-pong\x64\debug\sfml-pong.tlog\link.write.1.tlog
